<?xml version="1.0" encoding="UTF-8"?>
<testsuite xmlns:xsi="http://www.w3.org/2001/XMLSchema-instance" xsi:noNamespaceSchemaLocation="https://maven.apache.org/surefire/maven-surefire-plugin/xsd/surefire-test-report.xsd" name="CreateOrderTest" time="0.835" tests="4" errors="0" skipped="0" failures="0">
  <properties>
[...]
</properties>
  <testcase name="creatingOrderSuccess[Тестовые данные: []]" classname="CreateOrderTest" time="0.283"/>
  <testcase name="creatingOrderSuccess[Тестовые данные: [BLACK]]" classname="CreateOrderTest" time="0.213"/>
  <testcase name="creatingOrderSuccess[Тестовые данные: [GREY]]" classname="CreateOrderTest" time="0.164"/>
  <testcase name="creatingOrderSuccess[Тестовые данные: [BLACK, GREY]]" classname="CreateOrderTest" time="0.133"/>
</testsuite>